Solver reached level BlackHole with complexity 230194: 6D894A9D61C7B4D2B61J2C89B2G6C5G3A8D16B
╔═══════╦═══════╦═══════╗
║ 6 0.0.║ 0.0.8 ║ 9 4 0.║
║ 9 0.0.║ 0.0.6 ║ 1 0.0.║
║ 0.7 0.║ 0.4 0.║ 0.0.0.║
╠═══════╬═══════╬═══════╣
║ 2 0.0.║ 6 1 0.║ 0.0.0.║
║ 0.0.0.║ 0.0.0.║ 2 0.0.║
║ 0.8 9 ║ 0.0.2 ║ 0.0.0.║
╠═══════╬═══════╬═══════╣
║ 0.0.0.║ 0.6 0.║ 0.0.5 ║
║ 0.0.0.║ 0.0.0.║ 0.3 0.║
║ 8 0.0.║ 0.0.1 ║ 6 0.0.║
╚═══════╩═══════╩═══════╝

Solver reached level BlackHole with complexity 145014: 1D7A9B3B2C8B96B5D53B9C1B8C26D4C3F1B4F7B7C3B
╔═══════╦═══════╦═══════╗
║ 1 0.0.║ 0.0.7 ║ 0.9 0.║
║ 0.3 0.║ 0.2 0.║ 0.0.8 ║
║ 0.0.9 ║ 6 0.0.║ 5 0.0.║
╠═══════╬═══════╬═══════╣
║ 0.0.5 ║ 3 0.0.║ 9 0.0.║
║ 0.1 0.║ 0.8 0.║ 0.0.2 ║
║ 6 0.0.║ 0.0.4 ║ 0.0.0.║
╠═══════╬═══════╬═══════╣
║ 3 0.0.║ 0.0.0.║ 0.1 0.║
║ 0.4 0.║ 0.0.0.║ 0.0.7 ║
║ 0.0.7 ║ 0.0.0.║ 3 0.0.║
╚═══════╩═══════╩═══════╝

Solver reached level BlackHole with complexity 176657: B1A6A5B4A8B16C5E12B4E3C9F3B7B6A2C3C1A156C7A8B7E
╔═══════╦═══════╦═══════╗
║ 0.0.1 ║ 0.6 0.║ 5 0.0.║
║ 4 0.8 ║ 0.0.1 ║ 6 0.0.║
║ 0.5 0.║ 0.0.0.║ 0.1 2 ║
╠═══════╬═══════╬═══════╣
║ 0.0.4 ║ 0.0.0.║ 0.0.3 ║
║ 0.0.0.║ 9 0.0.║ 0.0.0.║
║ 0.3 0.║ 0.7 0.║ 0.6 0.║
╠═══════╬═══════╬═══════╣
║ 2 0.0.║ 0.3 0.║ 0.0.1 ║
║ 0.1 5 ║ 6 0.0.║ 0.7 0.║
║ 8 0.0.║ 7 0.0.║ 0.0.0.║
╚═══════╩═══════╩═══════╝

Solver reached level BlackHole with complexity 152913: B3A85C6B1G27C5E17A8B6B3A51F6B7A9A3A86B1C7F5C8B
╔═══════╦═══════╦═══════╗
║ 0.0.3 ║ 0.8 5 ║ 0.0.0.║
║ 6 0.0.║ 1 0.0.║ 0.0.0.║
║ 0.0.2 ║ 7 0.0.║ 0.5 0.║
╠═══════╬═══════╬═══════╣
║ 0.0.0.║ 0.1 7 ║ 0.8 0.║
║ 0.6 0.║ 0.3 0.║ 5 1 0.║
║ 0.0.0.║ 0.0.6 ║ 0.0.7 ║
╠═══════╬═══════╬═══════╣
║ 0.9 0.║ 3 0.8 ║ 6 0.0.║
║ 1 0.0.║ 0.7 0.║ 0.0.0.║
║ 0.0.5 ║ 0.0.0.║ 8 0.0.║
╚═══════╩═══════╩═══════╝

Solver reached level Nightmare with complexity 99387: F5E7A8A9I62A7A4A6B9F71A6A3B95B2495A8F2D1C8D
╔═══════╦═══════╦═══════╗
║ 0.0.0.║ 0.0.0.║ 5 0.0.║
║ 0.0.0.║ 7 0.8 ║ 0.9 0.║
║ 0.0.0.║ 0.0.0.║ 0.0.6 ║
╠═══════╬═══════╬═══════╣
║ 2 0.7 ║ 0.4 0.║ 6 0.0.║
║ 9 0.0.║ 0.0.0.║ 0.7 1 ║
║ 0.6 0.║ 3 0.0.║ 9 5 0.║
╠═══════╬═══════╬═══════╣
║ 0.2 4 ║ 9 5 0.║ 8 0.0.║
║ 0.0.0.║ 0.2 0.║ 0.0.0.║
║ 1 0.0.║ 0.8 0.║ 0.0.0.║
╚═══════╩═══════╩═══════╝

Solver reached level Nightmare with complexity 106650: C6F5B3A1A4F7C1B4C3A35B2A7A4K95A8D612D17C3B5
╔═══════╦═══════╦═══════╗
║ 0.0.0.║ 6 0.0.║ 0.0.0.║
║ 0.5 0.║ 0.3 0.║ 1 0.4 ║
║ 0.0.0.║ 0.0.0.║ 7 0.0.║
╠═══════╬═══════╬═══════╣
║ 0.1 0.║ 0.4 0.║ 0.0.3 ║
║ 0.3 5 ║ 0.0.2 ║ 0.7 0.║
║ 4 0.0.║ 0.0.0.║ 0.0.0.║
╠═══════╬═══════╬═══════╣
║ 0.0.0.║ 9 5 0.║ 8 0.0.║
║ 0.0.6 ║ 1 2 0.║ 0.0.0.║
║ 1 7 0.║ 0.0.3 ║ 0.0.5 ║
╚═══════╩═══════╩═══════╝

Solver reached level Nightmare with complexity 96227: A1A97B45E37D7E3C195D59I6B1B2B7F4A5C6B9634C7
╔═══════╦═══════╦═══════╗
║ 0.1 0.║ 9 7 0.║ 0.4 5 ║
║ 0.0.0.║ 0.0.3 ║ 7 0.0.║
║ 0.0.7 ║ 0.0.0.║ 0.0.3 ║
╠═══════╬═══════╬═══════╣
║ 0.0.0.║ 1 9 5 ║ 0.0.0.║
║ 0.5 9 ║ 0.0.0.║ 0.0.0.║
║ 0.0.0.║ 6 0.0.║ 1 0.0.║
╠═══════╬═══════╬═══════╣
║ 2 0.0.║ 7 0.0.║ 0.0.0.║
║ 0.4 0.║ 5 0.0.║ 0.6 0.║
║ 0.9 6 ║ 3 4 0.║ 0.0.7 ║
╚═══════╩═══════╩═══════╝

Solver reached level Nightmare with complexity 101193: 9E3C4B2B59B5A8C23B65I8B3B93B5C3B6A4C8C7E74B2B
╔═══════╦═══════╦═══════╗
║ 9 0.0.║ 0.0.0.║ 3 0.0.║
║ 0.4 0.║ 0.2 0.║ 0.5 9 ║
║ 0.0.5 ║ 0.8 0.║ 0.0.2 ║
╠═══════╬═══════╬═══════╣
║ 3 0.0.║ 6 5 0.║ 0.0.0.║
║ 0.0.0.║ 0.0.8 ║ 0.0.3 ║
║ 0.0.9 ║ 3 0.0.║ 5 0.0.║
╠═══════╬═══════╬═══════╣
║ 0.3 0.║ 0.6 0.║ 4 0.0.║
║ 0.8 0.║ 0.0.7 ║ 0.0.0.║
║ 0.0.7 ║ 4 0.0.║ 2 0.0.║
╚═══════╩═══════╩═══════╝

Solver reached level Nightmare with complexity 94016: 9E261F5D2B3A7C42B1F7B3A8A9A3C24A8C9A7E8C2C59A1A
╔═══════╦═══════╦═══════╗
║ 9 0.0.║ 0.0.0.║ 2 6 1 ║
║ 0.0.0.║ 0.0.0.║ 5 0.0.║
║ 0.0.2 ║ 0.0.3 ║ 0.7 0.║
╠═══════╬═══════╬═══════╣
║ 0.0.4 ║ 2 0.0.║ 1 0.0.║
║ 0.0.0.║ 0.7 0.║ 0.3 0.║
║ 8 0.9 ║ 0.3 0.║ 0.0.2 ║
╠═══════╬═══════╬═══════╣
║ 4 0.8 ║ 0.0.0.║ 9 0.7 ║
║ 0.0.0.║ 0.0.8 ║ 0.0.0.║
║ 2 0.0.║ 0.5 9 ║ 0.1 0.║
╚═══════╩═══════╩═══════╝

Solver reached level Nightmare with complexity 106231: 6B81A7B7F9C2E1C9D41A7A4F4B8A2A9A1B4A5H8A28C5B9
╔═══════╦═══════╦═══════╗
║ 6 0.0.║ 8 1 0.║ 7 0.0.║
║ 7 0.0.║ 0.0.0.║ 0.9 0.║
║ 0.0.2 ║ 0.0.0.║ 0.0.1 ║
╠═══════╬═══════╬═══════╣
║ 0.0.0.║ 9 0.0.║ 0.0.4 ║
║ 1 0.7 ║ 0.4 0.║ 0.0.0.║
║ 0.0.4 ║ 0.0.8 ║ 0.2 0.║
╠═══════╬═══════╬═══════╣
║ 9 0.1 ║ 0.0.4 ║ 0.5 0.║
║ 0.0.0.║ 0.0.0.║ 0.8 0.║
║ 2 8 0.║ 0.0.5 ║ 0.0.9 ║
╚═══════╩═══════╩═══════╝

Solver reached level Nightmare with complexity 90412: 6A9B34F15A3A1B4C85C6C748L3B963B1B5B596B8E7B6C
╔═══════╦═══════╦═══════╗
║ 6 0.9 ║ 0.0.3 ║ 4 0.0.║
║ 0.0.0.║ 0.1 5 ║ 0.3 0.║
║ 1 0.0.║ 4 0.0.║ 0.8 5 ║
╠═══════╬═══════╬═══════╣
║ 0.0.0.║ 6 0.0.║ 0.7 4 ║
║ 8 0.0.║ 0.0.0.║ 0.0.0.║
║ 0.0.0.║ 0.3 0.║ 0.9 6 ║
╠═══════╬═══════╬═══════╣
║ 3 0.0.║ 1 0.0.║ 5 0.0.║
║ 5 9 6 ║ 0.0.8 ║ 0.0.0.║
║ 0.0.7 ║ 0.0.6 ║ 0.0.0.║
╚═══════╩═══════╩═══════╝

