Solver reached level Nightmare with complexity 42277: 27C6A1D98B5E1A6G8B6A1A3B47C3F9C23D58D2A7G9
╔═══════╦═══════╦═══════╗
║ 2 7 0.║ 0.0.6 ║ 0.1 0.║
║ 0.0.0.║ 9 8 0.║ 0.5 0.║
║ 0.0.0.║ 0.1 0.║ 6 0.0.║
╠═══════╬═══════╬═══════╣
║ 0.0.0.║ 0.0.8 ║ 0.0.6 ║
║ 0.1 0.║ 3 0.0.║ 4 7 0.║
║ 0.0.3 ║ 0.0.0.║ 0.0.0.║
╠═══════╬═══════╬═══════╣
║ 9 0.0.║ 0.2 3 ║ 0.0.0.║
║ 0.5 8 ║ 0.0.0.║ 0.2 0.║
║ 7 0.0.║ 0.0.0.║ 0.0.9 ║
╚═══════╩═══════╩═══════╝

Solver reached level Nightmare with complexity 43109: A2E4A6D9B1C7B5D1A32A6A5E4C826D52C98E62I5A3B
╔═══════╦═══════╦═══════╗
║ 0.2 0.║ 0.0.0.║ 0.4 0.║
║ 6 0.0.║ 0.0.9 ║ 0.0.1 ║
║ 0.0.0.║ 7 0.0.║ 5 0.0.║
╠═══════╬═══════╬═══════╣
║ 0.0.1 ║ 0.3 2 ║ 0.6 0.║
║ 5 0.0.║ 0.0.0.║ 4 0.0.║
║ 0.8 2 ║ 6 0.0.║ 0.0.5 ║
╠═══════╬═══════╬═══════╣
║ 2 0.0.║ 0.9 8 ║ 0.0.0.║
║ 0.0.6 ║ 2 0.0.║ 0.0.0.║
║ 0.0.0.║ 0.5 0.║ 3 0.0.║
╚═══════╩═══════╩═══════╝

Solver reached level Nightmare with complexity 43104: A2E4A6D9B1C7B5D1A32A6A5E4C826D52C98E62I563B
╔═══════╦═══════╦═══════╗
║ 0.2 0.║ 0.0.0.║ 0.4 0.║
║ 6 0.0.║ 0.0.9 ║ 0.0.1 ║
║ 0.0.0.║ 7 0.0.║ 5 0.0.║
╠═══════╬═══════╬═══════╣
║ 0.0.1 ║ 0.3 2 ║ 0.6 0.║
║ 5 0.0.║ 0.0.0.║ 4 0.0.║
║ 0.8 2 ║ 6 0.0.║ 0.0.5 ║
╠═══════╬═══════╬═══════╣
║ 2 0.0.║ 0.9 8 ║ 0.0.0.║
║ 0.0.6 ║ 2 0.0.║ 0.0.0.║
║ 0.0.0.║ 0.5 6 ║ 3 0.0.║
╚═══════╩═══════╩═══════╝

Solver reached level Nightmare with complexity 44684: A5D6G132A2B5A8I24D9D6A3B24A1A72B1E463A71A2C6A2C
╔═══════╦═══════╦═══════╗
║ 0.5 0.║ 0.0.0.║ 6 0.0.║
║ 0.0.0.║ 0.0.1 ║ 3 2 0.║
║ 2 0.0.║ 5 0.8 ║ 0.0.0.║
╠═══════╬═══════╬═══════╣
║ 0.0.0.║ 0.0.0.║ 2 4 0.║
║ 0.0.0.║ 9 0.0.║ 0.0.6 ║
║ 0.3 0.║ 0.2 4 ║ 0.1 0.║
╠═══════╬═══════╬═══════╣
║ 7 2 0.║ 0.1 0.║ 0.0.0.║
║ 0.4 6 ║ 3 0.7 ║ 1 0.2 ║
║ 0.0.0.║ 6 0.2 ║ 0.0.0.║
╚═══════╩═══════╩═══════╝

Solver reached level Nightmare with complexity 44694: A5D6G132A2B5A8I24D9D6A3B24A1A72B1E463A71E6E
╔═══════╦═══════╦═══════╗
║ 0.5 0.║ 0.0.0.║ 6 0.0.║
║ 0.0.0.║ 0.0.1 ║ 3 2 0.║
║ 2 0.0.║ 5 0.8 ║ 0.0.0.║
╠═══════╬═══════╬═══════╣
║ 0.0.0.║ 0.0.0.║ 2 4 0.║
║ 0.0.0.║ 9 0.0.║ 0.0.6 ║
║ 0.3 0.║ 0.2 4 ║ 0.1 0.║
╠═══════╬═══════╬═══════╣
║ 7 2 0.║ 0.1 0.║ 0.0.0.║
║ 0.4 6 ║ 3 0.7 ║ 1 0.0.║
║ 0.0.0.║ 6 0.0.║ 0.0.0.║
╚═══════╩═══════╩═══════╝

Solver reached level Nightmare with complexity 41279: A7E39B9A5147D3B8C24B5D5G1A7A3C2B3B4G6A1D291C3
╔═══════╦═══════╦═══════╗
║ 0.7 0.║ 0.0.0.║ 0.3 9 ║
║ 0.0.9 ║ 0.5 1 ║ 4 7 0.║
║ 0.0.0.║ 3 0.0.║ 8 0.0.║
╠═══════╬═══════╬═══════╣
║ 0.2 4 ║ 0.0.5 ║ 0.0.0.║
║ 0.5 0.║ 0.0.0.║ 0.0.0.║
║ 1 0.7 ║ 0.3 0.║ 0.0.2 ║
╠═══════╬═══════╬═══════╣
║ 0.0.3 ║ 0.0.4 ║ 0.0.0.║
║ 0.0.0.║ 0.6 0.║ 1 0.0.║
║ 0.0.2 ║ 9 1 0.║ 0.0.3 ║
╚═══════╩═══════╩═══════╝

Solver reached level Nightmare with complexity 50058: C97B2E68A3A97R4B2A6C631A9A8B8C1C6C4C5B8C9A
╔═══════╦═══════╦═══════╗
║ 0.0.0.║ 9 7 0.║ 0.2 0.║
║ 0.0.0.║ 0.6 8 ║ 0.3 0.║
║ 9 7 0.║ 0.0.0.║ 0.0.0.║
╠═══════╬═══════╬═══════╣
║ 0.0.0.║ 0.0.0.║ 0.0.0.║
║ 0.0.4 ║ 0.0.2 ║ 0.6 0.║
║ 0.0.6 ║ 3 1 0.║ 9 0.8 ║
╠═══════╬═══════╬═══════╣
║ 0.0.8 ║ 0.0.0.║ 1 0.0.║
║ 0.6 0.║ 0.0.4 ║ 0.0.0.║
║ 5 0.0.║ 8 0.0.║ 0.9 0.║
╚═══════╩═══════╩═══════╝

Solver reached level Nightmare with complexity 42230: A8A9A1A25B5E99D5B6A3B4I2A6A25B17B8B8B61B3I17A2D
╔═══════╦═══════╦═══════╗
║ 0.8 0.║ 9 0.1 ║ 0.2 5 ║
║ 0.0.5 ║ 0.0.0.║ 0.0.9 ║
║ 9 0.0.║ 0.0.5 ║ 0.0.6 ║
╠═══════╬═══════╬═══════╣
║ 0.3 0.║ 0.4 0.║ 0.0.0.║
║ 0.0.0.║ 0.0.2 ║ 0.6 0.║
║ 2 5 0.║ 0.1 7 ║ 0.0.8 ║
╠═══════╬═══════╬═══════╣
║ 0.0.8 ║ 0.0.6 ║ 1 0.0.║
║ 3 0.0.║ 0.0.0.║ 0.0.0.║
║ 0.1 7 ║ 0.2 0.║ 0.0.0.║
╚═══════╩═══════╩═══════╝

Solver reached level Nightmare with complexity 51642: D71A2B45M1C16A9B27B58B6B5D9D8E336A1F1A8D4
╔═══════╦═══════╦═══════╗
║ 0.0.0.║ 0.7 1 ║ 0.2 0.║
║ 0.4 5 ║ 0.0.0.║ 0.0.0.║
║ 0.0.0.║ 0.0.0.║ 0.1 0.║
╠═══════╬═══════╬═══════╣
║ 0.0.1 ║ 6 0.9 ║ 0.0.2 ║
║ 7 0.0.║ 5 8 0.║ 0.6 0.║
║ 0.5 0.║ 0.0.0.║ 9 0.0.║
╠═══════╬═══════╬═══════╣
║ 0.0.8 ║ 0.0.0.║ 0.0.3 ║
║ 3 6 0.║ 1 0.0.║ 0.0.0.║
║ 0.1 0.║ 8 0.0.║ 0.0.4 ║
╚═══════╩═══════╩═══════╝

Solver reached level Nightmare with complexity 51642: D7B2A145M1C16A9B27B58B6B5D9D8E336A1F1A8D4
╔═══════╦═══════╦═══════╗
║ 0.0.0.║ 0.7 0.║ 0.2 0.║
║ 1 4 5 ║ 0.0.0.║ 0.0.0.║
║ 0.0.0.║ 0.0.0.║ 0.1 0.║
╠═══════╬═══════╬═══════╣
║ 0.0.1 ║ 6 0.9 ║ 0.0.2 ║
║ 7 0.0.║ 5 8 0.║ 0.6 0.║
║ 0.5 0.║ 0.0.0.║ 9 0.0.║
╠═══════╬═══════╬═══════╣
║ 0.0.8 ║ 0.0.0.║ 0.0.3 ║
║ 3 6 0.║ 1 0.0.║ 0.0.0.║
║ 0.1 0.║ 8 0.0.║ 0.0.4 ║
╚═══════╩═══════╩═══════╝

Solver reached level Nightmare with complexity 51637: D71A2A145M1C16A9B27B58B6B5D9D8E336A1F1A8D4
╔═══════╦═══════╦═══════╗
║ 0.0.0.║ 0.7 1 ║ 0.2 0.║
║ 1 4 5 ║ 0.0.0.║ 0.0.0.║
║ 0.0.0.║ 0.0.0.║ 0.1 0.║
╠═══════╬═══════╬═══════╣
║ 0.0.1 ║ 6 0.9 ║ 0.0.2 ║
║ 7 0.0.║ 5 8 0.║ 0.6 0.║
║ 0.5 0.║ 0.0.0.║ 9 0.0.║
╠═══════╬═══════╬═══════╣
║ 0.0.8 ║ 0.0.0.║ 0.0.3 ║
║ 3 6 0.║ 1 0.0.║ 0.0.0.║
║ 0.1 0.║ 8 0.0.║ 0.0.4 ║
╚═══════╩═══════╩═══════╝

Solver reached level Nightmare with complexity 42073: B7A1C3B4A8B17C7B5B2A8B7D5A9C8B7B4D8A5B4D9A8D46D3B8
╔═══════╦═══════╦═══════╗
║ 0.0.7 ║ 0.1 0.║ 0.0.3 ║
║ 0.0.4 ║ 0.8 0.║ 0.1 7 ║
║ 0.0.0.║ 7 0.0.║ 5 0.0.║
╠═══════╬═══════╬═══════╣
║ 2 0.8 ║ 0.0.7 ║ 0.0.0.║
║ 0.5 0.║ 9 0.0.║ 0.8 0.║
║ 0.7 0.║ 0.4 0.║ 0.0.0.║
╠═══════╬═══════╬═══════╣
║ 8 0.5 ║ 0.0.4 ║ 0.0.0.║
║ 0.9 0.║ 8 0.0.║ 0.0.4 ║
║ 6 0.0.║ 0.0.3 ║ 0.0.8 ║
╚═══════╩═══════╩═══════╝

