Solver reached level BlackHole with complexity 173038: 6D894A9D61C7B4D2B61J2C89B2G6C5G3A8D16B
╔═══════╦═══════╦═══════╗
║ 6 0.0.║ 0.0.8 ║ 9 4 0.║
║ 9 0.0.║ 0.0.6 ║ 1 0.0.║
║ 0.7 0.║ 0.4 0.║ 0.0.0.║
╠═══════╬═══════╬═══════╣
║ 2 0.0.║ 6 1 0.║ 0.0.0.║
║ 0.0.0.║ 0.0.0.║ 2 0.0.║
║ 0.8 9 ║ 0.0.2 ║ 0.0.0.║
╠═══════╬═══════╬═══════╣
║ 0.0.0.║ 0.6 0.║ 0.0.5 ║
║ 0.0.0.║ 0.0.0.║ 0.3 0.║
║ 8 0.0.║ 0.0.1 ║ 6 0.0.║
╚═══════╩═══════╩═══════╝

Solver reached level BlackHole with complexity 121418: 1D7A9B3B2C8B96B5D53B9C1B8C26D4C3F1B4F7B7C3B
╔═══════╦═══════╦═══════╗
║ 1 0.0.║ 0.0.7 ║ 0.9 0.║
║ 0.3 0.║ 0.2 0.║ 0.0.8 ║
║ 0.0.9 ║ 6 0.0.║ 5 0.0.║
╠═══════╬═══════╬═══════╣
║ 0.0.5 ║ 3 0.0.║ 9 0.0.║
║ 0.1 0.║ 0.8 0.║ 0.0.2 ║
║ 6 0.0.║ 0.0.4 ║ 0.0.0.║
╠═══════╬═══════╬═══════╣
║ 3 0.0.║ 0.0.0.║ 0.1 0.║
║ 0.4 0.║ 0.0.0.║ 0.0.7 ║
║ 0.0.7 ║ 0.0.0.║ 3 0.0.║
╚═══════╩═══════╩═══════╝

Solver reached level Nightmare with complexity 41428: B4B7C5D9D1A6B5B6B1A8A4A38F1D2E37D25B89C63E29B
╔═══════╦═══════╦═══════╗
║ 0.0.4 ║ 0.0.7 ║ 0.0.0.║
║ 5 0.0.║ 0.0.9 ║ 0.0.0.║
║ 0.1 0.║ 6 0.0.║ 5 0.0.║
╠═══════╬═══════╬═══════╣
║ 6 0.0.║ 1 0.8 ║ 0.4 0.║
║ 3 8 0.║ 0.0.0.║ 0.0.1 ║
║ 0.0.0.║ 0.2 0.║ 0.0.0.║
╠═══════╬═══════╬═══════╣
║ 0.3 7 ║ 0.0.0.║ 0.2 5 ║
║ 0.0.8 ║ 9 0.0.║ 0.6 3 ║
║ 0.0.0.║ 0.0.2 ║ 9 0.0.║
╚═══════╩═══════╩═══════╝

Solver reached level BlackHole with complexity 127053: B1A6A5B4A8B16C5E12B4E3C9F3B7B6A2C3C1A156C7A8B7E
╔═══════╦═══════╦═══════╗
║ 0.0.1 ║ 0.6 0.║ 5 0.0.║
║ 4 0.8 ║ 0.0.1 ║ 6 0.0.║
║ 0.5 0.║ 0.0.0.║ 0.1 2 ║
╠═══════╬═══════╬═══════╣
║ 0.0.4 ║ 0.0.0.║ 0.0.3 ║
║ 0.0.0.║ 9 0.0.║ 0.0.0.║
║ 0.3 0.║ 0.7 0.║ 0.6 0.║
╠═══════╬═══════╬═══════╣
║ 2 0.0.║ 0.3 0.║ 0.0.1 ║
║ 0.1 5 ║ 6 0.0.║ 0.7 0.║
║ 8 0.0.║ 7 0.0.║ 0.0.0.║
╚═══════╩═══════╩═══════╝

Solver reached level Nightmare with complexity 61558: B3A85C6B1G27C5E17A8B6B3A51F6B7A9A3A86B1C7F5C8B
╔═══════╦═══════╦═══════╗
║ 0.0.3 ║ 0.8 5 ║ 0.0.0.║
║ 6 0.0.║ 1 0.0.║ 0.0.0.║
║ 0.0.2 ║ 7 0.0.║ 0.5 0.║
╠═══════╬═══════╬═══════╣
║ 0.0.0.║ 0.1 7 ║ 0.8 0.║
║ 0.6 0.║ 0.3 0.║ 5 1 0.║
║ 0.0.0.║ 0.0.6 ║ 0.0.7 ║
╠═══════╬═══════╬═══════╣
║ 0.9 0.║ 3 0.8 ║ 6 0.0.║
║ 1 0.0.║ 0.7 0.║ 0.0.0.║
║ 0.0.5 ║ 0.0.0.║ 8 0.0.║
╚═══════╩═══════╩═══════╝

Solver reached level Nightmare with complexity 45918: E7E315B9A2C8A3E9C13D3A97H8597B438H1B82D7B
╔═══════╦═══════╦═══════╗
║ 0.0.0.║ 0.0.7 ║ 0.0.0.║
║ 0.0.3 ║ 1 5 0.║ 0.9 0.║
║ 2 0.0.║ 0.8 0.║ 3 0.0.║
╠═══════╬═══════╬═══════╣
║ 0.0.0.║ 9 0.0.║ 0.1 3 ║
║ 0.0.0.║ 0.3 0.║ 9 7 0.║
║ 0.0.0.║ 0.0.0.║ 0.8 5 ║
╠═══════╬═══════╬═══════╣
║ 9 7 0.║ 0.4 3 ║ 8 0.0.║
║ 0.0.0.║ 0.0.0.║ 1 0.0.║
║ 8 2 0.║ 0.0.0.║ 7 0.0.║
╚═══════╩═══════╩═══════╝

Solver reached level Nightmare with complexity 82744: F5E7A8A9I62A7A4A6B9F71A6A3B95B2495A8F2D1C8D
╔═══════╦═══════╦═══════╗
║ 0.0.0.║ 0.0.0.║ 5 0.0.║
║ 0.0.0.║ 7 0.8 ║ 0.9 0.║
║ 0.0.0.║ 0.0.0.║ 0.0.6 ║
╠═══════╬═══════╬═══════╣
║ 2 0.7 ║ 0.4 0.║ 6 0.0.║
║ 9 0.0.║ 0.0.0.║ 0.7 1 ║
║ 0.6 0.║ 3 0.0.║ 9 5 0.║
╠═══════╬═══════╬═══════╣
║ 0.2 4 ║ 9 5 0.║ 8 0.0.║
║ 0.0.0.║ 0.2 0.║ 0.0.0.║
║ 1 0.0.║ 0.8 0.║ 0.0.0.║
╚═══════╩═══════╩═══════╝

Solver reached level Nightmare with complexity 70755: B3A1B2D7A8A9E9A7D7B96J14A8D5C4A56C5B12A3B1G5
╔═══════╦═══════╦═══════╗
║ 0.0.3 ║ 0.1 0.║ 0.2 0.║
║ 0.0.0.║ 7 0.8 ║ 0.9 0.║
║ 0.0.0.║ 0.9 0.║ 7 0.0.║
╠═══════╬═══════╬═══════╣
║ 0.0.7 ║ 0.0.9 ║ 6 0.0.║
║ 0.0.0.║ 0.0.0.║ 0.0.1 ║
║ 4 0.8 ║ 0.0.0.║ 0.5 0.║
╠═══════╬═══════╬═══════╣
║ 0.0.4 ║ 0.5 6 ║ 0.0.0.║
║ 5 0.0.║ 1 2 0.║ 3 0.0.║
║ 1 0.0.║ 0.0.0.║ 0.0.5 ║
╚═══════╩═══════╩═══════╝

Solver reached level Nightmare with complexity 73470: A936B5C5B381B8H2A7C6C3F14F5E5B1C6A27A49C4E
╔═══════╦═══════╦═══════╗
║ 0.9 3 ║ 6 0.0.║ 5 0.0.║
║ 0.5 0.║ 0.3 8 ║ 1 0.0.║
║ 8 0.0.║ 0.0.0.║ 0.0.0.║
╠═══════╬═══════╬═══════╣
║ 2 0.7 ║ 0.0.0.║ 6 0.0.║
║ 0.3 0.║ 0.0.0.║ 0.0.1 ║
║ 4 0.0.║ 0.0.0.║ 0.5 0.║
╠═══════╬═══════╬═══════╣
║ 0.0.0.║ 0.5 0.║ 0.1 0.║
║ 0.0.6 ║ 0.2 7 ║ 0.4 9 ║
║ 0.0.0.║ 4 0.0.║ 0.0.0.║
╚═══════╩═══════╩═══════╝

Solver reached level Nightmare with complexity 70197: C6A4C6C38E1A9D2B5B6C3C2B1B8A7A9H8B5F49A79C26A
╔═══════╦═══════╦═══════╗
║ 0.0.0.║ 6 0.4 ║ 0.0.0.║
║ 6 0.0.║ 0.3 8 ║ 0.0.0.║
║ 0.0.1 ║ 0.9 0.║ 0.0.0.║
╠═══════╬═══════╬═══════╣
║ 2 0.0.║ 5 0.0.║ 6 0.0.║
║ 0.3 0.║ 0.0.2 ║ 0.0.1 ║
║ 0.0.8 ║ 0.7 0.║ 9 0.0.║
╠═══════╬═══════╬═══════╣
║ 0.0.0.║ 0.0.0.║ 8 0.0.║
║ 5 0.0.║ 0.0.0.║ 0.4 9 ║
║ 0.7 9 ║ 0.0.0.║ 2 6 0.║
╚═══════╩═══════╩═══════╝

Solver reached level Nightmare with complexity 92401: C6F5B3A1A4F7C1B4C3A35B2A7A4K95A8D612D17C3B5
╔═══════╦═══════╦═══════╗
║ 0.0.0.║ 6 0.0.║ 0.0.0.║
║ 0.5 0.║ 0.3 0.║ 1 0.4 ║
║ 0.0.0.║ 0.0.0.║ 7 0.0.║
╠═══════╬═══════╬═══════╣
║ 0.1 0.║ 0.4 0.║ 0.0.3 ║
║ 0.3 5 ║ 0.0.2 ║ 0.7 0.║
║ 4 0.0.║ 0.0.0.║ 0.0.0.║
╠═══════╬═══════╬═══════╣
║ 0.0.0.║ 9 5 0.║ 8 0.0.║
║ 0.0.6 ║ 1 2 0.║ 0.0.0.║
║ 1 7 0.║ 0.0.3 ║ 0.0.5 ║
╚═══════╩═══════╩═══════╝

Solver reached level Nightmare with complexity 44524: B53E8F2B7B1A5B4D53C1B7C6B32C8B6A5D9B4D3F97B
╔═══════╦═══════╦═══════╗
║ 0.0.5 ║ 3 0.0.║ 0.0.0.║
║ 8 0.0.║ 0.0.0.║ 0.2 0.║
║ 0.7 0.║ 0.1 0.║ 5 0.0.║
╠═══════╬═══════╬═══════╣
║ 4 0.0.║ 0.0.5 ║ 3 0.0.║
║ 0.1 0.║ 0.7 0.║ 0.0.6 ║
║ 0.0.3 ║ 2 0.0.║ 0.8 0.║
╠═══════╬═══════╬═══════╣
║ 0.6 0.║ 5 0.0.║ 0.0.9 ║
║ 0.0.4 ║ 0.0.0.║ 0.3 0.║
║ 0.0.0.║ 0.0.9 ║ 7 0.0.║
╚═══════╩═══════╩═══════╝

Solver reached level Nightmare with complexity 55397: 8J36F7B9A2C5C7G457E1C3C1D68B85C1B9D4B
╔═══════╦═══════╦═══════╗
║ 8 0.0.║ 0.0.0.║ 0.0.0.║
║ 0.0.3 ║ 6 0.0.║ 0.0.0.║
║ 0.7 0.║ 0.9 0.║ 2 0.0.║
╠═══════╬═══════╬═══════╣
║ 0.5 0.║ 0.0.7 ║ 0.0.0.║
║ 0.0.0.║ 0.4 5 ║ 7 0.0.║
║ 0.0.0.║ 1 0.0.║ 0.3 0.║
╠═══════╬═══════╬═══════╣
║ 0.0.1 ║ 0.0.0.║ 0.6 8 ║
║ 0.0.8 ║ 5 0.0.║ 0.1 0.║
║ 0.9 0.║ 0.0.0.║ 4 0.0.║
╚═══════╩═══════╩═══════╝

